c:\users\clement\desktop\mes documents\jeux\ff9\hadesworkshopvs\hades-workshop\release staticdll\vc140.pdb
c:\users\clement\desktop\mes documents\jeux\ff9\hadesworkshopvs\hades-workshop\release staticdll\gameobject.obj
c:\users\clement\desktop\mes documents\jeux\ff9\hadesworkshopvs\hades-workshop\release staticdll\file_iocommon.obj
c:\users\clement\desktop\mes documents\jeux\ff9\hadesworkshopvs\hades-workshop\release staticdll\makeppf3.obj
c:\users\clement\desktop\mes documents\jeux\ff9\hadesworkshopvs\hades-workshop\release staticdll\unityarchiver.obj
c:\users\clement\desktop\mes documents\jeux\ff9\hadesworkshopvs\hades-workshop\release staticdll\squish.obj
c:\users\clement\desktop\mes documents\jeux\ff9\hadesworkshopvs\hades-workshop\release staticdll\singlecolourfit.obj
c:\users\clement\desktop\mes documents\jeux\ff9\hadesworkshopvs\hades-workshop\release staticdll\rangefit.obj
c:\users\clement\desktop\mes documents\jeux\ff9\hadesworkshopvs\hades-workshop\release staticdll\maths.obj
c:\users\clement\desktop\mes documents\jeux\ff9\hadesworkshopvs\hades-workshop\release staticdll\colourset.obj
c:\users\clement\desktop\mes documents\jeux\ff9\hadesworkshopvs\hades-workshop\release staticdll\colourfit.obj
c:\users\clement\desktop\mes documents\jeux\ff9\hadesworkshopvs\hades-workshop\release staticdll\colourblock.obj
c:\users\clement\desktop\mes documents\jeux\ff9\hadesworkshopvs\hades-workshop\release staticdll\clusterfit.obj
c:\users\clement\desktop\mes documents\jeux\ff9\hadesworkshopvs\hades-workshop\release staticdll\alpha.obj
c:\users\clement\desktop\mes documents\jeux\ff9\hadesworkshopvs\hades-workshop\release staticdll\gui_fieldtextureeditor.obj
c:\users\clement\desktop\mes documents\jeux\ff9\hadesworkshopvs\hades-workshop\release staticdll\gui_curveeditor.obj
c:\users\clement\desktop\mes documents\jeux\ff9\hadesworkshopvs\hades-workshop\release staticdll\gui_assemblyeditor.obj
c:\users\clement\desktop\mes documents\jeux\ff9\hadesworkshopvs\hades-workshop\release staticdll\gui.obj
c:\users\clement\desktop\mes documents\jeux\ff9\hadesworkshopvs\hades-workshop\release staticdll\file_recreation.obj
c:\users\clement\desktop\mes documents\jeux\ff9\hadesworkshopvs\hades-workshop\release staticdll\file_manipulation.obj
c:\users\clement\desktop\mes documents\jeux\ff9\hadesworkshopvs\hades-workshop\release staticdll\file_batching.obj
c:\users\clement\desktop\mes documents\jeux\ff9\hadesworkshopvs\hades-workshop\release staticdll\fields.obj
c:\users\clement\desktop\mes documents\jeux\ff9\hadesworkshopvs\hades-workshop\release staticdll\enemies.obj
c:\users\clement\desktop\mes documents\jeux\ff9\hadesworkshopvs\hades-workshop\release staticdll\dlleditor.obj
c:\users\clement\desktop\mes documents\jeux\ff9\hadesworkshopvs\hades-workshop\release staticdll\dllcilmacro.obj
c:\users\clement\desktop\mes documents\jeux\ff9\hadesworkshopvs\hades-workshop\release staticdll\configuration.obj
c:\users\clement\desktop\mes documents\jeux\ff9\hadesworkshopvs\hades-workshop\release staticdll\commands.obj
c:\users\clement\desktop\mes documents\jeux\ff9\hadesworkshopvs\hades-workshop\release staticdll\cluts.obj
c:\users\clement\desktop\mes documents\jeux\ff9\hadesworkshopvs\hades-workshop\release staticdll\clusterdata.obj
c:\users\clement\desktop\mes documents\jeux\ff9\hadesworkshopvs\hades-workshop\release staticdll\charmaps.obj
c:\users\clement\desktop\mes documents\jeux\ff9\hadesworkshopvs\hades-workshop\release staticdll\cards.obj
c:\users\clement\desktop\mes documents\jeux\ff9\hadesworkshopvs\hades-workshop\release staticdll\battlescenes.obj
c:\users\clement\desktop\mes documents\jeux\ff9\hadesworkshopvs\hades-workshop\release staticdll\spells.obj
c:\users\clement\desktop\mes documents\jeux\ff9\hadesworkshopvs\hades-workshop\release staticdll\spellanimations.obj
c:\users\clement\desktop\mes documents\jeux\ff9\hadesworkshopvs\hades-workshop\release staticdll\shops.obj
c:\users\clement\desktop\mes documents\jeux\ff9\hadesworkshopvs\hades-workshop\release staticdll\scripts.obj
c:\users\clement\desktop\mes documents\jeux\ff9\hadesworkshopvs\hades-workshop\release staticdll\partyspecials.obj
c:\users\clement\desktop\mes documents\jeux\ff9\hadesworkshopvs\hades-workshop\release staticdll\modelmesh.obj
c:\users\clement\desktop\mes documents\jeux\ff9\hadesworkshopvs\hades-workshop\release staticdll\mips.obj
c:\users\clement\desktop\mes documents\jeux\ff9\hadesworkshopvs\hades-workshop\release staticdll\menuui.obj
c:\users\clement\desktop\mes documents\jeux\ff9\hadesworkshopvs\hades-workshop\release staticdll\main.obj
c:\users\clement\desktop\mes documents\jeux\ff9\hadesworkshopvs\hades-workshop\release staticdll\items.obj
c:\users\clement\desktop\mes documents\jeux\ff9\hadesworkshopvs\hades-workshop\release staticdll\imagemaps.obj
c:\users\clement\desktop\mes documents\jeux\ff9\hadesworkshopvs\hades-workshop\release staticdll\gui_textureeditor.obj
c:\users\clement\desktop\mes documents\jeux\ff9\hadesworkshopvs\hades-workshop\release staticdll\gui_texteditor.obj
c:\users\clement\desktop\mes documents\jeux\ff9\hadesworkshopvs\hades-workshop\release staticdll\gui_spellanimationseditor.obj
c:\users\clement\desktop\mes documents\jeux\ff9\hadesworkshopvs\hades-workshop\release staticdll\gui_scripteditor.obj
c:\users\clement\desktop\mes documents\jeux\ff9\hadesworkshopvs\hades-workshop\release staticdll\gui_preferences.obj
c:\users\clement\desktop\mes documents\jeux\ff9\hadesworkshopvs\hades-workshop\release staticdll\gui_manipulation.obj
c:\users\clement\desktop\mes documents\jeux\ff9\hadesworkshopvs\hades-workshop\release staticdll\gui_loadingdialog.obj
c:\users\clement\desktop\mes documents\jeux\ff9\hadesworkshopvs\hades-workshop\release staticdll\gui_glwindow.obj
c:\users\clement\desktop\mes documents\jeux\ff9\hadesworkshopvs\hades-workshop\release staticdll\worldmaps.obj
c:\users\clement\desktop\mes documents\jeux\ff9\hadesworkshopvs\hades-workshop\release staticdll\tool_modmanager.obj
c:\users\clement\desktop\mes documents\jeux\ff9\hadesworkshopvs\hades-workshop\release staticdll\tool_backgroundeditor.obj
c:\users\clement\desktop\mes documents\jeux\ff9\hadesworkshopvs\hades-workshop\release staticdll\timimages.obj
c:\users\clement\desktop\mes documents\jeux\ff9\hadesworkshopvs\hades-workshop\release staticdll\texts.obj
c:\users\clement\desktop\mes documents\jeux\ff9\hadesworkshopvs\hades-workshop\release staticdll\supports.obj
c:\users\clement\desktop\mes documents\jeux\ff9\hadesworkshopvs\hades-workshop\release staticdll\stats.obj
c:\users\clement\desktop\mes documents\jeux\ff9\hadesworkshopvs\hades-workshop\release staticdll\tool_unityviewer.obj
c:\users\clement\desktop\mes documents\jeux\ff9\hadesworkshopvs\release staticdll\hades-workshop.exe
c:\users\clement\desktop\mes documents\jeux\ff9\hadesworkshopvs\release staticdll\hades-workshop.ipdb
c:\users\clement\desktop\mes documents\jeux\ff9\hadesworkshopvs\release staticdll\hades-workshop.iobj
c:\users\clement\desktop\mes documents\jeux\ff9\hadesworkshopvs\release staticdll\hades-workshop.pdb
c:\users\clement\desktop\mes documents\jeux\ff9\hadesworkshopvs\hades-workshop\release staticdll\resource.res
c:\users\clement\desktop\mes documents\jeux\ff9\hadesworkshopvs\hades-workshop\release staticdll\hades-workshop.tlog\cl.command.1.tlog
c:\users\clement\desktop\mes documents\jeux\ff9\hadesworkshopvs\hades-workshop\release staticdll\hades-workshop.tlog\cl.read.1.tlog
c:\users\clement\desktop\mes documents\jeux\ff9\hadesworkshopvs\hades-workshop\release staticdll\hades-workshop.tlog\cl.write.1.tlog
c:\users\clement\desktop\mes documents\jeux\ff9\hadesworkshopvs\hades-workshop\release staticdll\hades-workshop.tlog\link.command.1.tlog
c:\users\clement\desktop\mes documents\jeux\ff9\hadesworkshopvs\hades-workshop\release staticdll\hades-workshop.tlog\link.read.1.tlog
c:\users\clement\desktop\mes documents\jeux\ff9\hadesworkshopvs\hades-workshop\release staticdll\hades-workshop.tlog\link.write.1.tlog
c:\users\clement\desktop\mes documents\jeux\ff9\hadesworkshopvs\hades-workshop\release staticdll\hades-workshop.tlog\rc.command.1.tlog
c:\users\clement\desktop\mes documents\jeux\ff9\hadesworkshopvs\hades-workshop\release staticdll\hades-workshop.tlog\rc.read.1.tlog
c:\users\clement\desktop\mes documents\jeux\ff9\hadesworkshopvs\hades-workshop\release staticdll\hades-workshop.tlog\rc.write.1.tlog
